Message, cmd: /log/info, args: 1 Welcome to Sonic Pi
Message, cmd: /log/info, args: 0 Session c3fa31f8
Message, cmd: /log/info, args: 0 Saturday 26th November, 2016
Message, cmd: /log/info, args: 0 16:04, GMT
Message, cmd: /log/info, args: 1 Turn your head towards the sun
   and the shadows
   will fall
   behind you.
Message, cmd: /log/info, args: 0 v2.11 Ready...
Message, cmd: /log/info, args: 0 Studio: Initializing...
Message, cmd: /log/info, args: 0 Starting run 1
Message, cmd: /log/info, args: 0 Completed run 1
Message, cmd: /log/info, args: 0 All runs completed
Message, cmd: /runs/all-completed, args: 
Message, cmd: /log/info, args: 0 Studio: Pausing audio server
Running code play 72

play :C5

Message, cmd: /log/info, args: 0 Studio: Resuming audio server
Message, cmd: /log/info, args: 0 Starting run 2
Message, cmd: /log/multi_message, args: 2  0.0 2 0 synth :beep, {note: 72.0} 0 synth :beep, {note: 72.0}
Message, cmd: /log/info, args: 0 Completed run 2
Message, cmd: /log/info, args: 0 All runs completed
Message, cmd: /runs/all-completed, args: 
Message, cmd: /log/info, args: 0 Studio: Pausing audio server
Running code play :C7

Message, cmd: /log/info, args: 0 Studio: Resuming audio server
Message, cmd: /log/info, args: 0 Starting run 3
Message, cmd: /log/multi_message, args: 3  0.0 1 0 synth :beep, {note: 96.0}
Message, cmd: /log/info, args: 0 Completed run 3
Message, cmd: /log/info, args: 0 All runs completed
Message, cmd: /runs/all-completed, args: 
Message, cmd: /log/info, args: 0 Studio: Pausing audio server
Running code play :Cs7

Message, cmd: /log/info, args: 0 Studio: Resuming audio server
Message, cmd: /log/info, args: 0 Starting run 4
Message, cmd: /log/multi_message, args: 4  0.0 1 0 synth :beep, {note: 97.0}
Message, cmd: /log/info, args: 0 Completed run 4
Message, cmd: /log/info, args: 0 All runs completed
Message, cmd: /runs/all-completed, args: 
Message, cmd: /log/info, args: 0 Studio: Pausing audio server
Running code play :D7

Message, cmd: /log/info, args: 0 Studio: Resuming audio server
Message, cmd: /log/info, args: 0 Starting run 5
Message, cmd: /log/multi_message, args: 5  0.0 1 0 synth :beep, {note: 98.0}
Message, cmd: /log/info, args: 0 Completed run 5
Message, cmd: /log/info, args: 0 All runs completed
Message, cmd: /runs/all-completed, args: 
Message, cmd: /log/info, args: 0 Studio: Pausing audio server
Running code play :Ds7

Message, cmd: /log/info, args: 0 Studio: Resuming audio server
Message, cmd: /log/info, args: 0 Starting run 6
Message, cmd: /log/multi_message, args: 6  0.0 1 0 synth :beep, {note: 99.0}
Running code play :B7

Message, cmd: /log/info, args: 0 Starting run 7
Message, cmd: /log/multi_message, args: 7  0.0 1 0 synth :beep, {note: 107.0}
Message, cmd: /log/info, args: 0 Completed run 6
Running code play :C7

Message, cmd: /log/info, args: 0 Starting run 8
Message, cmd: /log/info, args: 0 Completed run 7
Message, cmd: /log/multi_message, args: 8  0.0 1 0 synth :beep, {note: 96.0}
Message, cmd: /log/info, args: 0 Completed run 8
Message, cmd: /log/info, args: 0 All runs completed
Message, cmd: /runs/all-completed, args: 
Message, cmd: /log/info, args: 0 Studio: Pausing audio server
Running code play :Cs8

play 72

Message, cmd: /log/info, args: 0 Studio: Resuming audio server
Message, cmd: /log/info, args: 0 Starting run 9
Message, cmd: /log/multi_message, args: 9  0.0 2 0 synth :beep, {note: 109.0} 0 synth :beep, {note: 72.0}
Message, cmd: /log/info, args: 0 Completed run 9
Message, cmd: /log/info, args: 0 All runs completed
Message, cmd: /runs/all-completed, args: 
Message, cmd: /log/info, args: 0 Studio: Pausing audio server
Running code play :D8

play 72

Message, cmd: /log/info, args: 0 Studio: Resuming audio server
Message, cmd: /log/info, args: 0 Starting run 10
Message, cmd: /log/multi_message, args: 10  0.0 2 0 synth :beep, {note: 110.0} 0 synth :beep, {note: 72.0}
Message, cmd: /log/info, args: 0 Completed run 10
Message, cmd: /log/info, args: 0 All runs completed
Message, cmd: /runs/all-completed, args: 
Message, cmd: /log/info, args: 0 Studio: Pausing audio server
Running code play :Ds8

play 72

Message, cmd: /log/info, args: 0 Studio: Resuming audio server
Message, cmd: /log/info, args: 0 Starting run 11
Message, cmd: /log/multi_message, args: 11  0.0 2 0 synth :beep, {note: 111.0} 0 synth :beep, {note: 72.0}
Message, cmd: /log/info, args: 0 Completed run 11
Message, cmd: /log/info, args: 0 All runs completed
Message, cmd: /runs/all-completed, args: 
Message, cmd: /log/info, args: 0 Studio: Pausing audio server
Running code play :Ds6

play 72

Message, cmd: /log/info, args: 0 Studio: Resuming audio server
Message, cmd: /log/info, args: 0 Starting run 12
Message, cmd: /log/multi_message, args: 12  0.0 2 0 synth :beep, {note: 87.0} 0 synth :beep, {note: 72.0}
Message, cmd: /log/info, args: 0 Completed run 12
Message, cmd: /log/info, args: 0 All runs completed
Message, cmd: /runs/all-completed, args: 
Message, cmd: /log/info, args: 0 Studio: Pausing audio server
Running code play :D6

play 72

Message, cmd: /log/info, args: 0 Studio: Resuming audio server
Message, cmd: /log/info, args: 0 Starting run 13
Message, cmd: /log/multi_message, args: 13  0.0 2 0 synth :beep, {note: 86.0} 0 synth :beep, {note: 72.0}
Running code play :Cs6

play 72

Message, cmd: /log/info, args: 0 Starting run 14
Message, cmd: /log/info, args: 0 Completed run 13
Message, cmd: /log/multi_message, args: 14  0.0 2 0 synth :beep, {note: 85.0} 0 synth :beep, {note: 72.0}
Running code play :C6

play 72

Message, cmd: /log/info, args: 0 Starting run 15
Message, cmd: /log/multi_message, args: 15  0.0 2 0 synth :beep, {note: 84.0} 0 synth :beep, {note: 72.0}
Message, cmd: /log/info, args: 0 Completed run 14
Running code play :G6

play 72

Message, cmd: /log/info, args: 0 Starting run 16
Message, cmd: /log/info, args: 0 Completed run 15
Message, cmd: /log/multi_message, args: 16  0.0 2 0 synth :beep, {note: 91.0} 0 synth :beep, {note: 72.0}
Message, cmd: /log/info, args: 0 Completed run 16
Message, cmd: /log/info, args: 0 All runs completed
Message, cmd: /runs/all-completed, args: 
Message, cmd: /log/info, args: 0 Studio: Pausing audio server
Running code play :Gs6

play 72

Message, cmd: /log/info, args: 0 Studio: Resuming audio server
Message, cmd: /log/info, args: 0 Starting run 17
Message, cmd: /log/multi_message, args: 17  0.0 2 0 synth :beep, {note: 92.0} 0 synth :beep, {note: 72.0}
Running code play :A6

play 72

Message, cmd: /log/info, args: 0 Starting run 18
Message, cmd: /log/info, args: 0 Completed run 17
Message, cmd: /log/multi_message, args: 18  0.0 2 0 synth :beep, {note: 93.0} 0 synth :beep, {note: 72.0}
Message, cmd: /log/info, args: 0 Completed run 18
Message, cmd: /log/info, args: 0 All runs completed
Message, cmd: /runs/all-completed, args: 
Message, cmd: /log/info, args: 0 Studio: Pausing audio server
Running code play :As6

play 72

Message, cmd: /log/info, args: 0 Studio: Resuming audio server
Message, cmd: /log/info, args: 0 Starting run 19
Message, cmd: /log/multi_message, args: 19  0.0 2 0 synth :beep, {note: 94.0} 0 synth :beep, {note: 72.0}
Message, cmd: /log/info, args: 0 Completed run 19
Message, cmd: /log/info, args: 0 All runs completed
Message, cmd: /runs/all-completed, args: 
Message, cmd: /log/info, args: 0 Studio: Pausing audio server
Running code play :B6

play 72

Message, cmd: /log/info, args: 0 Studio: Resuming audio server
Message, cmd: /log/info, args: 0 Starting run 20
Message, cmd: /log/multi_message, args: 20  0.0 2 0 synth :beep, {note: 95.0} 0 synth :beep, {note: 72.0}
Message, cmd: /log/info, args: 0 Completed run 20
Message, cmd: /log/info, args: 0 All runs completed
Message, cmd: /runs/all-completed, args: 
Message, cmd: /log/info, args: 0 Studio: Pausing audio server
